**********************
Windows PowerShell transcript start
Start time: 20221230150337
Username: COOPERSERVICES\kristopher.turner
RunAs User: COOPERSERVICES\kristopher.turner
Configuration Name: 
Machine: INVOKE-TEST (Microsoft Windows NT 10.0.22621.0)
Host Application: C:\Windows\SysWOW64\WindowsPowerShell\v1.0\powershell.exe -NoProfile -executionPolicy bypass -file C:\Windows\IMECache\HealthScripts\2bedac83-9ec4-472b-b8b4-168d616e0dad_1\detect.ps1
Process ID: 4192
PSVersion: 5.1.22621.963
PSEdition: Desktop
PSCompatibleVersions: 1.0, 2.0, 3.0, 4.0, 5.0, 5.1.22621.963
BuildVersion: 10.0.22621.963
CLRVersion: 4.0.30319.42000
WSManStackVersion: 3.0
PSRemotingProtocolVersion: 2.3
SerializationVersion: 1.1.0.1
**********************
Transcript started, output file is C:\Users\KRISTO~1.TUR\AppData\Local\Temp\DriveMapping-Detect-NewDrive-2022-12-30_15-12-37.log
Looking for mapped drive
\\pnwfs10fileshare.file.core.windows.net\NewDrive
Listing all mapped drives on system.

Name           Used (GB)     Free (GB) Provider      Root                                               CurrentLocation
----           ---------     --------- --------      ----                                               ---------------
C                  28.54         97.71 FileSystem    C:\                                               Windows\system32
Drive is not mapped
**********************
Windows PowerShell transcript end
End time: 20221230150338
**********************
